1524843103683	geckodriver	INFO	geckodriver 0.20.0
1524843103687	geckodriver	INFO	Listening on 127.0.0.1:56356
1524843104688	mozrunner::runner	INFO	Running command: "/usr/bin/firefox" "-marionette" "-profile" "/tmp/rust_mozprofile.7bSNf0jLJ5Y9"
1524843105196	addons.xpi-utils	WARN	addMetadata: Add-on langpack-zh-CN@firefox.mozilla.org is invalid: Error: Install manifest specifies unknown type: null (resource://gre/modules/addons/XPIInstall.jsm:570:11) JS Stack trace: loadManifestFromRDF@XPIInstall.jsm:570:11 < loadFromRDF@XPIInstall.jsm:873:25 < loadManifestFromZipReader@XPIInstall.jsm:913:21 < loadManifestFromZipFile@XPIInstall.jsm:961:26 < this.loadManifestFromFile@XPIInstall.jsm:970:12 < syncLoadManifestFromFile@XPIProvider.jsm:938:3 < addMetadata@XPIProviderUtils.js:1176:21 < processFileChanges@XPIProviderUtils.js:1532:23 < checkForChanges@XPIProvider.jsm:3263:34 < startup@XPIProvider.jsm:2182:25 < callProvider@AddonManager.jsm:264:12 < _startProvider@AddonManager.jsm:740:5 < startup@AddonManager.jsm:907:9 < startup@AddonManager.jsm:3089:5 < observe@addonManager.js:65:9
1524843105196	addons.xpi-utils	WARN	Could not uninstall invalid item from locked install location
1524843105198	addons.xpi-utils	WARN	addMetadata: Add-on langpack-en-GB@firefox.mozilla.org is invalid: Error: Install manifest specifies unknown type: null (resource://gre/modules/addons/XPIInstall.jsm:570:11) JS Stack trace: loadManifestFromRDF@XPIInstall.jsm:570:11 < loadFromRDF@XPIInstall.jsm:873:25 < loadManifestFromZipReader@XPIInstall.jsm:913:21 < loadManifestFromZipFile@XPIInstall.jsm:961:26 < this.loadManifestFromFile@XPIInstall.jsm:970:12 < syncLoadManifestFromFile@XPIProvider.jsm:938:3 < addMetadata@XPIProviderUtils.js:1176:21 < processFileChanges@XPIProviderUtils.js:1532:23 < checkForChanges@XPIProvider.jsm:3263:34 < startup@XPIProvider.jsm:2182:25 < callProvider@AddonManager.jsm:264:12 < _startProvider@AddonManager.jsm:740:5 < startup@AddonManager.jsm:907:9 < startup@AddonManager.jsm:3089:5 < observe@addonManager.js:65:9
1524843105198	addons.xpi-utils	WARN	Could not uninstall invalid item from locked install location
1524843105204	addons.xpi-utils	WARN	addMetadata: Add-on langpack-en-ZA@firefox.mozilla.org is invalid: Error: Install manifest specifies unknown type: null (resource://gre/modules/addons/XPIInstall.jsm:570:11) JS Stack trace: loadManifestFromRDF@XPIInstall.jsm:570:11 < loadFromRDF@XPIInstall.jsm:873:25 < loadManifestFromZipReader@XPIInstall.jsm:913:21 < loadManifestFromZipFile@XPIInstall.jsm:961:26 < this.loadManifestFromFile@XPIInstall.jsm:970:12 < syncLoadManifestFromFile@XPIProvider.jsm:938:3 < addMetadata@XPIProviderUtils.js:1176:21 < processFileChanges@XPIProviderUtils.js:1532:23 < checkForChanges@XPIProvider.jsm:3263:34 < startup@XPIProvider.jsm:2182:25 < callProvider@AddonManager.jsm:264:12 < _startProvider@AddonManager.jsm:740:5 < startup@AddonManager.jsm:907:9 < startup@AddonManager.jsm:3089:5 < observe@addonManager.js:65:9
1524843105206	addons.xpi-utils	WARN	Could not uninstall invalid item from locked install location
1524843105340	Marionette	INFO	Enabled via --marionette

(firefox:4822): GLib-GObject-CRITICAL **: g_object_ref: assertion 'object->ref_count > 0' failed

(firefox:4822): GLib-GObject-CRITICAL **: g_object_unref: assertion 'object->ref_count > 0' failed

(firefox:4822): GLib-GObject-CRITICAL **: g_object_ref: assertion 'object->ref_count > 0' failed

(firefox:4822): GLib-GObject-CRITICAL **: g_object_unref: assertion 'object->ref_count > 0' failed

(firefox:4822): GLib-GObject-CRITICAL **: g_object_ref: assertion 'object->ref_count > 0' failed

(firefox:4822): GLib-GObject-CRITICAL **: g_object_unref: assertion 'object->ref_count > 0' failed

(firefox:4822): GLib-GIO-CRITICAL **: g_dbus_connection_register_object: assertion 'G_IS_DBUS_CONNECTION (connection)' failed

(firefox:4822): GLib-GIO-CRITICAL **: g_dbus_connection_register_object: assertion 'G_IS_DBUS_CONNECTION (connection)' failed

(firefox:4822): GLib-GIO-CRITICAL **: g_dbus_connection_get_unique_name: assertion 'G_IS_DBUS_CONNECTION (connection)' failed

(firefox:4822): GLib-GIO-CRITICAL **: g_dbus_connection_register_object: assertion 'G_IS_DBUS_CONNECTION (connection)' failed

(firefox:4822): GLib-GIO-CRITICAL **: g_dbus_connection_register_object: assertion 'G_IS_DBUS_CONNECTION (connection)' failed

(firefox:4822): GLib-GIO-CRITICAL **: g_dbus_connection_get_unique_name: assertion 'G_IS_DBUS_CONNECTION (connection)' failed

(/usr/lib/firefox/firefox:4874): GLib-GObject-CRITICAL **: g_object_ref: assertion 'object->ref_count > 0' failed

(/usr/lib/firefox/firefox:4874): GLib-GObject-CRITICAL **: g_object_unref: assertion 'object->ref_count > 0' failed

(/usr/lib/firefox/firefox:4874): GLib-GObject-CRITICAL **: g_object_ref: assertion 'object->ref_count > 0' failed

(/usr/lib/firefox/firefox:4874): GLib-GObject-CRITICAL **: g_object_unref: assertion 'object->ref_count > 0' failed

(/usr/lib/firefox/firefox:4874): GLib-GObject-CRITICAL **: g_object_ref: assertion 'object->ref_count > 0' failed

(/usr/lib/firefox/firefox:4874): GLib-GObject-CRITICAL **: g_object_unref: assertion 'object->ref_count > 0' failed

(firefox:4822): LIBDBUSMENU-GLIB-WARNING **: Unable to get session bus: 连接已关闭
JavaScript error: resource://gre/modules/addons/XPIProvider.jsm, line 3345: TypeError: addon is null
1524843107672	Marionette	INFO	Listening on port 58969
1524843107752	Marionette	WARN	TLS certificate errors will be ignored for this session
*** UTM:SVC TimerManager:registerTimer called after profile-before-change notification. Ignoring timer registration for id: telemetry_modules_ping

(firefox:4822): GLib-GObject-CRITICAL **: g_object_ref: assertion 'object->ref_count > 0' failed

(firefox:4822): GLib-GObject-CRITICAL **: g_object_unref: assertion 'object->ref_count > 0' failed

(firefox:4822): GLib-GObject-CRITICAL **: g_object_ref: assertion 'object->ref_count > 0' failed

(firefox:4822): GLib-GObject-CRITICAL **: g_object_unref: assertion 'object->ref_count > 0' failed

(firefox:4822): GLib-GObject-CRITICAL **: g_object_ref: assertion 'object->ref_count > 0' failed

(firefox:4822): GLib-GObject-CRITICAL **: g_object_unref: assertion 'object->ref_count > 0' failed

(firefox:4822): GLib-GObject-CRITICAL **: g_object_ref: assertion 'object->ref_count > 0' failed

(firefox:4822): GLib-GObject-CRITICAL **: g_object_unref: assertion 'object->ref_count > 0' failed

(firefox:4822): GLib-GObject-CRITICAL **: g_object_ref: assertion 'object->ref_count > 0' failed

(firefox:4822): GLib-GObject-CRITICAL **: g_object_unref: assertion 'object->ref_count > 0' failed

(firefox:4822): GLib-GObject-CRITICAL **: g_object_ref: assertion 'object->ref_count > 0' failed

(firefox:4822): GLib-GObject-CRITICAL **: g_object_unref: assertion 'object->ref_count > 0' failed

(firefox:4822): GLib-GObject-CRITICAL **: g_object_ref: assertion 'object->ref_count > 0' failed

(firefox:4822): GLib-GObject-CRITICAL **: g_object_unref: assertion 'object->ref_count > 0' failed
